***************************************************
**********              LOG           *************
***************************************************
ARBAC system before pruning:
Roles: 6
Users: 6
CR rules: 1
CA rules: 1
Total rules: 2
***************************************************
----------------------------
-- IMMATERIAL ADMIN CHECK --
----------------------------
Satisfy immaterial condition 1 ------------------------
Immaterial administrative role is r2
--------------------------------------
Immaterial administrative role r2 is made regular
----------------------------
----- SPARE USER CHECK -----
----------------------------
Remove spare user u4 from the system
Remove spare user u5 from the system
----------------------------
-----  SLICING  CHECK  -----
----------------------------
Set of useless roles from SLICING FORWARD
r0 r1 r5 
Slicing Forward Removing-------------

-------------------------------------
Set of useless roles from SLICING BACKWARD
r2 
Slicing Backward Removing------------
USER ASSIGNMENT relation number 0 <u0,r2> is removed by slicing

-------------------------------------
----------------------------
-----  PRUNING  CHECK  -----
----------------------------
Pruning rule R 1-2-3 check--------------------------
This role (r3) is a non-positive role
This role (r3) also satisfies the R1 property
RULE R1 Remove role (r3) from the system
-----------------------------------
USER ASSIGNMENT relation number 1 <u1,r3> is removed by the above rule
CAN REVOKE rule number 0 <SUPER_ROLE,r3> is removed by the above rule
End--------------------------
Pruning rule R5 and R6 check--------------------------
End--------------------------
Pruning rule R4 check--------------------------
End--------------------------
Pre-checking ARBAC Policy successful. There is no need to perform pruning algorithm.
***************************************************
**********          END LOG           *************
***************************************************
