: 
:                          ._ () _.
:                            \||/
:                         ::::[]::::
:                            /()\
:                           '/oo\`
:                           ' '` `
: 
:       mucke-0.4.6 for Linux-2.6.26.8-57.fc8-i686 (Mon Feb 15 2016)
: 
:         Copyright (C) 1996 - 2008 Armin Biere
:      University of Karlsruhe, ETH Zurich, JKU Linz
: 
: size of `GlobalInit' is 2^2.322 -- 5
: size of `LocalInit' is 2^6.209 -- 74
: size of `CanAssign' is 2^6.943 -- 123
: size of `CanRevoke' is 2^6.907 -- 120
: size of `UpdateGlobal' is 2^4.000 -- 16
: size of `Reach' is 2^6.109 -- 69
: value of
:   exists ThreadID t_ID, Roles t_CL, Roles t_G. Reach(t_ID, t_CL, t_G) & targetReach(t_ID, t_CL)
: is
:   false
