: 
:                          ._ () _.
:                            \||/
:                         ::::[]::::
:                            /()\
:                           '/oo\`
:                           ' '` `
: 
:       mucke-0.4.6 for Linux-2.6.26.8-57.fc8-i686 (Mon Feb 15 2016)
: 
:         Copyright (C) 1996 - 2008 Armin Biere
:      University of Karlsruhe, ETH Zurich, JKU Linz
: 
: size of `GlobalInit' is 2^3.459 -- 11
: size of `LocalInit' is 2^8.640 -- 399
: size of `CanAssign' is 2^11.719 -- 3372
: size of `CanRevoke' is 2^9.604 -- 778
: size of `UpdateGlobal' is 2^5.322 -- 40
: size of `Reach' is 2^8.344 -- 325
: value of
:   exists ThreadID t_ID, Roles t_CL, Roles t_G. Reach(t_ID, t_CL, t_G) & targetReach(t_ID, t_CL)
: is
:   false
