: 
:                          ._ () _.
:                            \||/
:                         ::::[]::::
:                            /()\
:                           '/oo\`
:                           ' '` `
: 
:       mucke-0.4.6 for Linux-2.6.26.8-57.fc8-i686 (Mon Feb 15 2016)
: 
:         Copyright (C) 1996 - 2008 Armin Biere
:      University of Karlsruhe, ETH Zurich, JKU Linz
: 
: size of `GlobalInit' is 2^2.807 -- 7
: size of `LocalInit' is 2^7.077 -- 135
: size of `CanAssign' is 2^8.484 -- 358
: size of `CanRevoke' is 2^8.299 -- 315
: size of `UpdateGlobal' is 2^4.585 -- 24
: size of `Reach' is 2^0.000 -- 1
: value of
:   exists ThreadID t_ID, Roles t_CL, Roles t_G. Reach(t_ID, t_CL, t_G) & targetReach(t_ID, t_CL)
: is
:   true
