This file contains any messages produced by compilers while
running configure, to aid debugging if configure makes a mistake.

It was created by Translate configure 1.0, which was
generated by GNU Autoconf 2.69.  Invocation command line was

  $ ./configure 

## --------- ##
## Platform. ##
## --------- ##

hostname = CaoCao-PC
uname -m = x86_64
uname -r = 4.4.0-28-lowlatency
uname -s = Linux
uname -v = #47-Ubuntu SMP PREEMPT Fri Jun 24 10:57:55 UTC 2016

/usr/bin/uname -p = unknown
/bin/uname -X     = unknown

/bin/arch              = unknown
/usr/bin/arch -k       = unknown
/usr/convex/getsysinfo = unknown
/usr/bin/hostinfo      = unknown
/bin/machine           = unknown
/usr/bin/oslevel       = unknown
/bin/universe          = unknown

PATH: /usr/local/heroku/bin
PATH: /home/trucnguyenlam/.stack/programs/x86_64-linux/ghc-7.10.2/bin
PATH: /home/trucnguyenlam/perl5/bin
PATH: /home/trucnguyenlam/.rbenv/plugins/ruby-build/bin
PATH: /home/trucnguyenlam/.rbenv/shims
PATH: /home/trucnguyenlam/.rbenv/bin
PATH: /usr/local/sbin
PATH: /usr/local/bin
PATH: /usr/sbin
PATH: /usr/bin
PATH: /sbin
PATH: /bin
PATH: /usr/games
PATH: /usr/local/games
PATH: /snap/bin
PATH: /usr/lib/jvm/java-8-oracle/bin
PATH: /usr/lib/jvm/java-8-oracle/db/bin
PATH: /usr/lib/jvm/java-8-oracle/jre/bin
PATH: /usr/local/MATLAB/R2015a/polyspace/bin/
PATH: /opt/NuSMV-2.5.4/bin
PATH: /home/trucnguyenlam/go/bin


## ----------- ##
## Core tests. ##
## ----------- ##

configure:2255: checking for a BSD-compatible install
configure:2323: result: /usr/bin/install -c
configure:2334: checking whether build environment is sane
configure:2389: result: yes
configure:2427: WARNING: 'missing' script is too old or missing
configure:2540: checking for a thread-safe mkdir -p
configure:2579: result: /bin/mkdir -p
configure:2586: checking for gawk
configure:2602: found /usr/bin/gawk
configure:2613: result: gawk
configure:2624: checking whether make sets $(MAKE)
configure:2646: result: yes
configure:2675: checking whether make supports nested variables
configure:2692: result: yes
configure:2871: checking for gcc
configure:2887: found /usr/bin/gcc
configure:2898: result: gcc
configure:3127: checking for C compiler version
configure:3136: gcc --version >&5
gcc (Ubuntu 5.3.1-14ubuntu2.1) 5.3.1 20160413
Copyright (C) 2015 Free Software Foundation, Inc.
This is free software; see the source for copying conditions.  There is NO
warranty; not even for MERCHANTABILITY or FITNESS FOR A PARTICULAR PURPOSE.

configure:3147: $? = 0
configure:3136: gcc -v >&5
Using built-in specs.
COLLECT_GCC=gcc
COLLECT_LTO_WRAPPER=/usr/lib/gcc/x86_64-linux-gnu/5/lto-wrapper
Target: x86_64-linux-gnu
Configured with: ../src/configure -v --with-pkgversion='Ubuntu 5.3.1-14ubuntu2.1' --with-bugurl=file:///usr/share/doc/gcc-5/README.Bugs --enable-languages=c,ada,c++,java,go,d,fortran,objc,obj-c++ --prefix=/usr --program-suffix=-5 --enable-shared --enable-linker-build-id --libexecdir=/usr/lib --without-included-gettext --enable-threads=posix --libdir=/usr/lib --enable-nls --with-sysroot=/ --enable-clocale=gnu --enable-libstdcxx-debug --enable-libstdcxx-time=yes --with-default-libstdcxx-abi=new --enable-gnu-unique-object --disable-vtable-verify --enable-libmpx --enable-plugin --with-system-zlib --disable-browser-plugin --enable-java-awt=gtk --enable-gtk-cairo --with-java-home=/usr/lib/jvm/java-1.5.0-gcj-5-amd64/jre --enable-java-home --with-jvm-root-dir=/usr/lib/jvm/java-1.5.0-gcj-5-amd64 --with-jvm-jar-dir=/usr/lib/jvm-exports/java-1.5.0-gcj-5-amd64 --with-arch-directory=amd64 --with-ecj-jar=/usr/share/java/eclipse-ecj.jar --enable-objc-gc --enable-multiarch --disable-werror --with-arch-32=i686 --with-abi=m64 --with-multilib-list=m32,m64,mx32 --enable-multilib --with-tune=generic --enable-checking=release --build=x86_64-linux-gnu --host=x86_64-linux-gnu --target=x86_64-linux-gnu
Thread model: posix
gcc version 5.3.1 20160413 (Ubuntu 5.3.1-14ubuntu2.1) 
configure:3147: $? = 0
configure:3136: gcc -V >&5
gcc: error: unrecognized command line option '-V'
gcc: fatal error: no input files
compilation terminated.
configure:3147: $? = 1
configure:3136: gcc -qversion >&5
gcc: error: unrecognized command line option '-qversion'
gcc: fatal error: no input files
compilation terminated.
configure:3147: $? = 1
configure:3167: checking whether the C compiler works
configure:3189: gcc    conftest.c  >&5
configure:3193: $? = 0
configure:3241: result: yes
configure:3244: checking for C compiler default output file name
configure:3246: result: a.out
configure:3252: checking for suffix of executables
configure:3259: gcc -o conftest    conftest.c  >&5
configure:3263: $? = 0
configure:3285: result: 
configure:3307: checking whether we are cross compiling
configure:3315: gcc -o conftest    conftest.c  >&5
configure:3319: $? = 0
configure:3326: ./conftest
configure:3330: $? = 0
configure:3345: result: no
configure:3350: checking for suffix of object files
configure:3372: gcc -c   conftest.c >&5
configure:3376: $? = 0
configure:3397: result: o
configure:3401: checking whether we are using the GNU C compiler
configure:3420: gcc -c   conftest.c >&5
configure:3420: $? = 0
configure:3429: result: yes
configure:3438: checking whether gcc accepts -g
configure:3458: gcc -c -g  conftest.c >&5
configure:3458: $? = 0
configure:3499: result: yes
configure:3516: checking for gcc option to accept ISO C89
configure:3579: gcc  -c -g -O2  conftest.c >&5
configure:3579: $? = 0
configure:3592: result: none needed
configure:3617: checking whether gcc understands -c and -o together
configure:3639: gcc -c conftest.c -o conftest2.o
configure:3642: $? = 0
configure:3639: gcc -c conftest.c -o conftest2.o
configure:3642: $? = 0
configure:3654: result: yes
configure:3682: checking for style of include used by make
configure:3710: result: GNU
configure:3736: checking dependency style of gcc
configure:3847: result: gcc3
configure:3866: checking for antlr3AsciiFileStreamNew in -lantlr3c
configure:3891: gcc -o conftest -g -O2   conftest.c -lantlr3c   >&5
configure:3891: $? = 0
configure:3900: result: yes
configure:3922: checking how to run the C preprocessor
configure:3953: gcc -E  conftest.c
configure:3953: $? = 0
configure:3967: gcc -E  conftest.c
conftest.c:12:28: fatal error: ac_nonexistent.h: No such file or directory
compilation terminated.
configure:3967: $? = 1
configure: failed program was:
| /* confdefs.h */
| #define PACKAGE_NAME "Translate"
| #define PACKAGE_TARNAME "translate"
| #define PACKAGE_VERSION "1.0"
| #define PACKAGE_STRING "Translate 1.0"
| #define PACKAGE_BUGREPORT "trucnguyenlam@gmail.com"
| #define PACKAGE_URL ""
| #define PACKAGE "translate"
| #define VERSION "1.0"
| #define HAVE_LIBANTLR3C 1
| /* end confdefs.h.  */
| #include <ac_nonexistent.h>
configure:3992: result: gcc -E
configure:4012: gcc -E  conftest.c
configure:4012: $? = 0
configure:4026: gcc -E  conftest.c
conftest.c:12:28: fatal error: ac_nonexistent.h: No such file or directory
compilation terminated.
configure:4026: $? = 1
configure: failed program was:
| /* confdefs.h */
| #define PACKAGE_NAME "Translate"
| #define PACKAGE_TARNAME "translate"
| #define PACKAGE_VERSION "1.0"
| #define PACKAGE_STRING "Translate 1.0"
| #define PACKAGE_BUGREPORT "trucnguyenlam@gmail.com"
| #define PACKAGE_URL ""
| #define PACKAGE "translate"
| #define VERSION "1.0"
| #define HAVE_LIBANTLR3C 1
| /* end confdefs.h.  */
| #include <ac_nonexistent.h>
configure:4055: checking for grep that handles long lines and -e
configure:4113: result: /bin/grep
configure:4118: checking for egrep
configure:4180: result: /bin/grep -E
configure:4185: checking for ANSI C header files
configure:4205: gcc -c -g -O2  conftest.c >&5
configure:4205: $? = 0
configure:4278: gcc -o conftest -g -O2   conftest.c -lantlr3c  >&5
configure:4278: $? = 0
configure:4278: ./conftest
configure:4278: $? = 0
configure:4289: result: yes
configure:4302: checking for sys/types.h
configure:4302: gcc -c -g -O2  conftest.c >&5
configure:4302: $? = 0
configure:4302: result: yes
configure:4302: checking for sys/stat.h
configure:4302: gcc -c -g -O2  conftest.c >&5
configure:4302: $? = 0
configure:4302: result: yes
configure:4302: checking for stdlib.h
configure:4302: gcc -c -g -O2  conftest.c >&5
configure:4302: $? = 0
configure:4302: result: yes
configure:4302: checking for string.h
configure:4302: gcc -c -g -O2  conftest.c >&5
configure:4302: $? = 0
configure:4302: result: yes
configure:4302: checking for memory.h
configure:4302: gcc -c -g -O2  conftest.c >&5
configure:4302: $? = 0
configure:4302: result: yes
configure:4302: checking for strings.h
configure:4302: gcc -c -g -O2  conftest.c >&5
configure:4302: $? = 0
configure:4302: result: yes
configure:4302: checking for inttypes.h
configure:4302: gcc -c -g -O2  conftest.c >&5
configure:4302: $? = 0
configure:4302: result: yes
configure:4302: checking for stdint.h
configure:4302: gcc -c -g -O2  conftest.c >&5
configure:4302: $? = 0
configure:4302: result: yes
configure:4302: checking for unistd.h
configure:4302: gcc -c -g -O2  conftest.c >&5
configure:4302: $? = 0
configure:4302: result: yes
configure:4316: checking for stdlib.h
configure:4316: result: yes
configure:4328: checking for stdbool.h that conforms to C99
configure:4395: gcc -c -g -O2  conftest.c >&5
configure:4395: $? = 0
configure:4402: result: yes
configure:4404: checking for _Bool
configure:4404: gcc -c -g -O2  conftest.c >&5
configure:4404: $? = 0
configure:4404: gcc -c -g -O2  conftest.c >&5
conftest.c: In function 'main':
conftest.c:59:20: error: expected expression before ')' token
 if (sizeof ((_Bool)))
                    ^
configure:4404: $? = 1
configure: failed program was:
| /* confdefs.h */
| #define PACKAGE_NAME "Translate"
| #define PACKAGE_TARNAME "translate"
| #define PACKAGE_VERSION "1.0"
| #define PACKAGE_STRING "Translate 1.0"
| #define PACKAGE_BUGREPORT "trucnguyenlam@gmail.com"
| #define PACKAGE_URL ""
| #define PACKAGE "translate"
| #define VERSION "1.0"
| #define HAVE_LIBANTLR3C 1
| #define STDC_HEADERS 1
| #define HAVE_SYS_TYPES_H 1
| #define HAVE_SYS_STAT_H 1
| #define HAVE_STDLIB_H 1
| #define HAVE_STRING_H 1
| #define HAVE_MEMORY_H 1
| #define HAVE_STRINGS_H 1
| #define HAVE_INTTYPES_H 1
| #define HAVE_STDINT_H 1
| #define HAVE_UNISTD_H 1
| #define HAVE_STDLIB_H 1
| /* end confdefs.h.  */
| #include <stdio.h>
| #ifdef HAVE_SYS_TYPES_H
| # include <sys/types.h>
| #endif
| #ifdef HAVE_SYS_STAT_H
| # include <sys/stat.h>
| #endif
| #ifdef STDC_HEADERS
| # include <stdlib.h>
| # include <stddef.h>
| #else
| # ifdef HAVE_STDLIB_H
| #  include <stdlib.h>
| # endif
| #endif
| #ifdef HAVE_STRING_H
| # if !defined STDC_HEADERS && defined HAVE_MEMORY_H
| #  include <memory.h>
| # endif
| # include <string.h>
| #endif
| #ifdef HAVE_STRINGS_H
| # include <strings.h>
| #endif
| #ifdef HAVE_INTTYPES_H
| # include <inttypes.h>
| #endif
| #ifdef HAVE_STDINT_H
| # include <stdint.h>
| #endif
| #ifdef HAVE_UNISTD_H
| # include <unistd.h>
| #endif
| int
| main ()
| {
| if (sizeof ((_Bool)))
| 	    return 0;
|   ;
|   return 0;
| }
configure:4404: result: yes
configure:4425: checking for stdlib.h
configure:4425: result: yes
configure:4435: checking for GNU libc compatible malloc
configure:4459: gcc -o conftest -g -O2   conftest.c -lantlr3c  >&5
configure:4459: $? = 0
configure:4459: ./conftest
configure:4459: $? = 0
configure:4469: result: yes
configure:4492: checking for stdlib.h
configure:4492: result: yes
configure:4502: checking for GNU libc compatible realloc
configure:4526: gcc -o conftest -g -O2   conftest.c -lantlr3c  >&5
configure:4526: $? = 0
configure:4526: ./conftest
configure:4526: $? = 0
configure:4536: result: yes
configure:4560: checking for memset
configure:4560: gcc -o conftest -g -O2   conftest.c -lantlr3c  >&5
conftest.c:52:6: warning: conflicting types for built-in function 'memset'
 char memset ();
      ^
configure:4560: $? = 0
configure:4560: result: yes
configure:4560: checking for strdup
configure:4560: gcc -o conftest -g -O2   conftest.c -lantlr3c  >&5
conftest.c:53:6: warning: conflicting types for built-in function 'strdup'
 char strdup ();
      ^
configure:4560: $? = 0
configure:4560: result: yes
configure:4717: checking that generated files are newer than configure
configure:4723: result: done
configure:4746: creating ./config.status

## ---------------------- ##
## Running config.status. ##
## ---------------------- ##

This file was extended by Translate config.status 1.0, which was
generated by GNU Autoconf 2.69.  Invocation command line was

  CONFIG_FILES    = 
  CONFIG_HEADERS  = 
  CONFIG_LINKS    = 
  CONFIG_COMMANDS = 
  $ ./config.status 

on CaoCao-PC

config.status:779: creating Makefile
config.status:779: creating src/Makefile
config.status:951: executing depfiles commands

## ---------------- ##
## Cache variables. ##
## ---------------- ##

ac_cv_c_compiler_gnu=yes
ac_cv_env_CC_set=
ac_cv_env_CC_value=
ac_cv_env_CFLAGS_set=
ac_cv_env_CFLAGS_value=
ac_cv_env_CPPFLAGS_set=
ac_cv_env_CPPFLAGS_value=
ac_cv_env_CPP_set=
ac_cv_env_CPP_value=
ac_cv_env_LDFLAGS_set=
ac_cv_env_LDFLAGS_value=
ac_cv_env_LIBS_set=
ac_cv_env_LIBS_value=
ac_cv_env_build_alias_set=
ac_cv_env_build_alias_value=
ac_cv_env_host_alias_set=
ac_cv_env_host_alias_value=
ac_cv_env_target_alias_set=
ac_cv_env_target_alias_value=
ac_cv_func_malloc_0_nonnull=yes
ac_cv_func_memset=yes
ac_cv_func_realloc_0_nonnull=yes
ac_cv_func_strdup=yes
ac_cv_header_inttypes_h=yes
ac_cv_header_memory_h=yes
ac_cv_header_stdbool_h=yes
ac_cv_header_stdc=yes
ac_cv_header_stdint_h=yes
ac_cv_header_stdlib_h=yes
ac_cv_header_string_h=yes
ac_cv_header_strings_h=yes
ac_cv_header_sys_stat_h=yes
ac_cv_header_sys_types_h=yes
ac_cv_header_unistd_h=yes
ac_cv_lib_antlr3c_antlr3AsciiFileStreamNew=yes
ac_cv_objext=o
ac_cv_path_EGREP='/bin/grep -E'
ac_cv_path_GREP=/bin/grep
ac_cv_path_install='/usr/bin/install -c'
ac_cv_path_mkdir=/bin/mkdir
ac_cv_prog_AWK=gawk
ac_cv_prog_CPP='gcc -E'
ac_cv_prog_ac_ct_CC=gcc
ac_cv_prog_cc_c89=
ac_cv_prog_cc_g=yes
ac_cv_prog_make_make_set=yes
ac_cv_type__Bool=yes
am_cv_CC_dependencies_compiler_type=gcc3
am_cv_make_support_nested_variables=yes
am_cv_prog_cc_c_o=yes

## ----------------- ##
## Output variables. ##
## ----------------- ##

ACLOCAL='aclocal-1.15'
AMDEPBACKSLASH='\'
AMDEP_FALSE='#'
AMDEP_TRUE=''
AMTAR='$${TAR-tar}'
AM_BACKSLASH='\'
AM_DEFAULT_V='$(AM_DEFAULT_VERBOSITY)'
AM_DEFAULT_VERBOSITY='1'
AM_V='$(V)'
AUTOCONF='autoconf'
AUTOHEADER='autoheader'
AUTOMAKE='automake-1.15'
AWK='gawk'
CC='gcc'
CCDEPMODE='depmode=gcc3'
CFLAGS='-g -O2'
CPP='gcc -E'
CPPFLAGS=''
CYGPATH_W='echo'
DEFS='-DPACKAGE_NAME=\"Translate\" -DPACKAGE_TARNAME=\"translate\" -DPACKAGE_VERSION=\"1.0\" -DPACKAGE_STRING=\"Translate\ 1.0\" -DPACKAGE_BUGREPORT=\"trucnguyenlam@gmail.com\" -DPACKAGE_URL=\"\" -DPACKAGE=\"translate\" -DVERSION=\"1.0\" -DHAVE_LIBANTLR3C=1 -DSTDC_HEADERS=1 -DHAVE_SYS_TYPES_H=1 -DHAVE_SYS_STAT_H=1 -DHAVE_STDLIB_H=1 -DHAVE_STRING_H=1 -DHAVE_MEMORY_H=1 -DHAVE_STRINGS_H=1 -DHAVE_INTTYPES_H=1 -DHAVE_STDINT_H=1 -DHAVE_UNISTD_H=1 -DHAVE_STDLIB_H=1 -DHAVE__BOOL=1 -DHAVE_STDBOOL_H=1 -DHAVE_STDLIB_H=1 -DHAVE_MALLOC=1 -DHAVE_STDLIB_H=1 -DHAVE_REALLOC=1 -DHAVE_MEMSET=1 -DHAVE_STRDUP=1'
DEPDIR='.deps'
ECHO_C=''
ECHO_N='-n'
ECHO_T=''
EGREP='/bin/grep -E'
EXEEXT=''
GREP='/bin/grep'
INSTALL_DATA='${INSTALL} -m 644'
INSTALL_PROGRAM='${INSTALL}'
INSTALL_SCRIPT='${INSTALL}'
INSTALL_STRIP_PROGRAM='$(install_sh) -c -s'
LDFLAGS=''
LIBOBJS=''
LIBS='-lantlr3c '
LTLIBOBJS=''
MAKEINFO='makeinfo'
MKDIR_P='/bin/mkdir -p'
OBJEXT='o'
PACKAGE='translate'
PACKAGE_BUGREPORT='trucnguyenlam@gmail.com'
PACKAGE_NAME='Translate'
PACKAGE_STRING='Translate 1.0'
PACKAGE_TARNAME='translate'
PACKAGE_URL=''
PACKAGE_VERSION='1.0'
PATH_SEPARATOR=':'
SET_MAKE=''
SHELL='/bin/bash'
STRIP=''
VERSION='1.0'
ac_ct_CC='gcc'
am__EXEEXT_FALSE=''
am__EXEEXT_TRUE='#'
am__fastdepCC_FALSE='#'
am__fastdepCC_TRUE=''
am__include='include'
am__isrc=''
am__leading_dot='.'
am__nodep='_no'
am__quote=''
am__tar='$${TAR-tar} chof - "$$tardir"'
am__untar='$${TAR-tar} xf -'
bindir='${exec_prefix}/bin'
build_alias=''
datadir='${datarootdir}'
datarootdir='${prefix}/share'
docdir='${datarootdir}/doc/${PACKAGE_TARNAME}'
dvidir='${docdir}'
exec_prefix='${prefix}'
host_alias=''
htmldir='${docdir}'
includedir='${prefix}/include'
infodir='${datarootdir}/info'
install_sh='${SHELL} /home/trucnguyenlam/Development/VAC/vac/src/translate/install-sh'
libdir='${exec_prefix}/lib'
libexecdir='${exec_prefix}/libexec'
localedir='${datarootdir}/locale'
localstatedir='${prefix}/var'
mandir='${datarootdir}/man'
mkdir_p='$(MKDIR_P)'
oldincludedir='/usr/include'
pdfdir='${docdir}'
prefix='/usr/local'
program_transform_name='s,x,x,'
psdir='${docdir}'
runstatedir='${localstatedir}/run'
sbindir='${exec_prefix}/sbin'
sharedstatedir='${prefix}/com'
sysconfdir='${prefix}/etc'
target_alias=''

## ----------- ##
## confdefs.h. ##
## ----------- ##

/* confdefs.h */
#define PACKAGE_NAME "Translate"
#define PACKAGE_TARNAME "translate"
#define PACKAGE_VERSION "1.0"
#define PACKAGE_STRING "Translate 1.0"
#define PACKAGE_BUGREPORT "trucnguyenlam@gmail.com"
#define PACKAGE_URL ""
#define PACKAGE "translate"
#define VERSION "1.0"
#define HAVE_LIBANTLR3C 1
#define STDC_HEADERS 1
#define HAVE_SYS_TYPES_H 1
#define HAVE_SYS_STAT_H 1
#define HAVE_STDLIB_H 1
#define HAVE_STRING_H 1
#define HAVE_MEMORY_H 1
#define HAVE_STRINGS_H 1
#define HAVE_INTTYPES_H 1
#define HAVE_STDINT_H 1
#define HAVE_UNISTD_H 1
#define HAVE_STDLIB_H 1
#define HAVE__BOOL 1
#define HAVE_STDBOOL_H 1
#define HAVE_STDLIB_H 1
#define HAVE_MALLOC 1
#define HAVE_STDLIB_H 1
#define HAVE_REALLOC 1
#define HAVE_MEMSET 1
#define HAVE_STRDUP 1

configure: exit 0
