This file contains any messages produced by compilers while
running configure, to aid debugging if configure makes a mistake.

It was created by counterExample configure 1.0, which was
generated by GNU Autoconf 2.69.  Invocation command line was

  $ ./configure 

## --------- ##
## Platform. ##
## --------- ##

hostname = CaoCao-PC
uname -m = x86_64
uname -r = 4.4.0-28-lowlatency
uname -s = Linux
uname -v = #47-Ubuntu SMP PREEMPT Fri Jun 24 10:57:55 UTC 2016

/usr/bin/uname -p = unknown
/bin/uname -X     = unknown

/bin/arch              = unknown
/usr/bin/arch -k       = unknown
/usr/convex/getsysinfo = unknown
/usr/bin/hostinfo      = unknown
/bin/machine           = unknown
/usr/bin/oslevel       = unknown
/bin/universe          = unknown

PATH: /usr/local/heroku/bin
PATH: /home/trucnguyenlam/.stack/programs/x86_64-linux/ghc-7.10.2/bin
PATH: /home/trucnguyenlam/perl5/bin
PATH: /home/trucnguyenlam/.rbenv/plugins/ruby-build/bin
PATH: /home/trucnguyenlam/.rbenv/shims
PATH: /home/trucnguyenlam/.rbenv/bin
PATH: /usr/local/sbin
PATH: /usr/local/bin
PATH: /usr/sbin
PATH: /usr/bin
PATH: /sbin
PATH: /bin
PATH: /usr/games
PATH: /usr/local/games
PATH: /snap/bin
PATH: /usr/lib/jvm/java-8-oracle/bin
PATH: /usr/lib/jvm/java-8-oracle/db/bin
PATH: /usr/lib/jvm/java-8-oracle/jre/bin
PATH: /usr/local/MATLAB/R2015a/polyspace/bin/
PATH: /opt/NuSMV-2.5.4/bin
PATH: /home/trucnguyenlam/go/bin


## ----------- ##
## Core tests. ##
## ----------- ##

configure:2133: checking for a BSD-compatible install
configure:2201: result: /usr/bin/install -c
configure:2212: checking whether build environment is sane
configure:2267: result: yes
configure:2305: WARNING: 'missing' script is too old or missing
configure:2418: checking for a thread-safe mkdir -p
configure:2457: result: /bin/mkdir -p
configure:2464: checking for gawk
configure:2480: found /usr/bin/gawk
configure:2491: result: gawk
configure:2502: checking whether make sets $(MAKE)
configure:2524: result: yes
configure:2553: checking whether make supports nested variables
configure:2570: result: yes
configure:2749: checking for gcc
configure:2765: found /usr/bin/gcc
configure:2776: result: gcc
configure:3005: checking for C compiler version
configure:3014: gcc --version >&5
gcc (Ubuntu 5.3.1-14ubuntu2.1) 5.3.1 20160413
Copyright (C) 2015 Free Software Foundation, Inc.
This is free software; see the source for copying conditions.  There is NO
warranty; not even for MERCHANTABILITY or FITNESS FOR A PARTICULAR PURPOSE.

configure:3025: $? = 0
configure:3014: gcc -v >&5
Using built-in specs.
COLLECT_GCC=gcc
COLLECT_LTO_WRAPPER=/usr/lib/gcc/x86_64-linux-gnu/5/lto-wrapper
Target: x86_64-linux-gnu
Configured with: ../src/configure -v --with-pkgversion='Ubuntu 5.3.1-14ubuntu2.1' --with-bugurl=file:///usr/share/doc/gcc-5/README.Bugs --enable-languages=c,ada,c++,java,go,d,fortran,objc,obj-c++ --prefix=/usr --program-suffix=-5 --enable-shared --enable-linker-build-id --libexecdir=/usr/lib --without-included-gettext --enable-threads=posix --libdir=/usr/lib --enable-nls --with-sysroot=/ --enable-clocale=gnu --enable-libstdcxx-debug --enable-libstdcxx-time=yes --with-default-libstdcxx-abi=new --enable-gnu-unique-object --disable-vtable-verify --enable-libmpx --enable-plugin --with-system-zlib --disable-browser-plugin --enable-java-awt=gtk --enable-gtk-cairo --with-java-home=/usr/lib/jvm/java-1.5.0-gcj-5-amd64/jre --enable-java-home --with-jvm-root-dir=/usr/lib/jvm/java-1.5.0-gcj-5-amd64 --with-jvm-jar-dir=/usr/lib/jvm-exports/java-1.5.0-gcj-5-amd64 --with-arch-directory=amd64 --with-ecj-jar=/usr/share/java/eclipse-ecj.jar --enable-objc-gc --enable-multiarch --disable-werror --with-arch-32=i686 --with-abi=m64 --with-multilib-list=m32,m64,mx32 --enable-multilib --with-tune=generic --enable-checking=release --build=x86_64-linux-gnu --host=x86_64-linux-gnu --target=x86_64-linux-gnu
Thread model: posix
gcc version 5.3.1 20160413 (Ubuntu 5.3.1-14ubuntu2.1) 
configure:3025: $? = 0
configure:3014: gcc -V >&5
gcc: error: unrecognized command line option '-V'
gcc: fatal error: no input files
compilation terminated.
configure:3025: $? = 1
configure:3014: gcc -qversion >&5
gcc: error: unrecognized command line option '-qversion'
gcc: fatal error: no input files
compilation terminated.
configure:3025: $? = 1
configure:3045: checking whether the C compiler works
configure:3067: gcc    conftest.c  >&5
configure:3071: $? = 0
configure:3119: result: yes
configure:3122: checking for C compiler default output file name
configure:3124: result: a.out
configure:3130: checking for suffix of executables
configure:3137: gcc -o conftest    conftest.c  >&5
configure:3141: $? = 0
configure:3163: result: 
configure:3185: checking whether we are cross compiling
configure:3193: gcc -o conftest    conftest.c  >&5
configure:3197: $? = 0
configure:3204: ./conftest
configure:3208: $? = 0
configure:3223: result: no
configure:3228: checking for suffix of object files
configure:3250: gcc -c   conftest.c >&5
configure:3254: $? = 0
configure:3275: result: o
configure:3279: checking whether we are using the GNU C compiler
configure:3298: gcc -c   conftest.c >&5
configure:3298: $? = 0
configure:3307: result: yes
configure:3316: checking whether gcc accepts -g
configure:3336: gcc -c -g  conftest.c >&5
configure:3336: $? = 0
configure:3377: result: yes
configure:3394: checking for gcc option to accept ISO C89
configure:3457: gcc  -c -g -O2  conftest.c >&5
configure:3457: $? = 0
configure:3470: result: none needed
configure:3495: checking whether gcc understands -c and -o together
configure:3517: gcc -c conftest.c -o conftest2.o
configure:3520: $? = 0
configure:3517: gcc -c conftest.c -o conftest2.o
configure:3520: $? = 0
configure:3532: result: yes
configure:3560: checking for style of include used by make
configure:3588: result: GNU
configure:3614: checking dependency style of gcc
configure:3725: result: gcc3
configure:3743: checking for antlr3AsciiFileStreamNew in -lantlr3c
configure:3768: gcc -o conftest -g -O2   conftest.c -lantlr3c   >&5
configure:3768: $? = 0
configure:3777: result: yes
configure:3792: checking for roxml_load_doc in -lroxml
configure:3817: gcc -o conftest -g -O2   conftest.c -lroxml  -lantlr3c  >&5
configure:3817: $? = 0
configure:3826: result: yes
configure:3848: checking how to run the C preprocessor
configure:3879: gcc -E  conftest.c
configure:3879: $? = 0
configure:3893: gcc -E  conftest.c
conftest.c:13:28: fatal error: ac_nonexistent.h: No such file or directory
compilation terminated.
configure:3893: $? = 1
configure: failed program was:
| /* confdefs.h */
| #define PACKAGE_NAME "counterExample"
| #define PACKAGE_TARNAME "counterexample"
| #define PACKAGE_VERSION "1.0"
| #define PACKAGE_STRING "counterExample 1.0"
| #define PACKAGE_BUGREPORT "trucnguyenlam@gmail.com"
| #define PACKAGE_URL ""
| #define PACKAGE "counterexample"
| #define VERSION "1.0"
| #define HAVE_LIBANTLR3C 1
| #define HAVE_LIBROXML 1
| /* end confdefs.h.  */
| #include <ac_nonexistent.h>
configure:3918: result: gcc -E
configure:3938: gcc -E  conftest.c
configure:3938: $? = 0
configure:3952: gcc -E  conftest.c
conftest.c:13:28: fatal error: ac_nonexistent.h: No such file or directory
compilation terminated.
configure:3952: $? = 1
configure: failed program was:
| /* confdefs.h */
| #define PACKAGE_NAME "counterExample"
| #define PACKAGE_TARNAME "counterexample"
| #define PACKAGE_VERSION "1.0"
| #define PACKAGE_STRING "counterExample 1.0"
| #define PACKAGE_BUGREPORT "trucnguyenlam@gmail.com"
| #define PACKAGE_URL ""
| #define PACKAGE "counterexample"
| #define VERSION "1.0"
| #define HAVE_LIBANTLR3C 1
| #define HAVE_LIBROXML 1
| /* end confdefs.h.  */
| #include <ac_nonexistent.h>
configure:3981: checking for grep that handles long lines and -e
configure:4039: result: /bin/grep
configure:4044: checking for egrep
configure:4106: result: /bin/grep -E
configure:4111: checking for ANSI C header files
configure:4131: gcc -c -g -O2  conftest.c >&5
configure:4131: $? = 0
configure:4204: gcc -o conftest -g -O2   conftest.c -lroxml -lantlr3c  >&5
configure:4204: $? = 0
configure:4204: ./conftest
configure:4204: $? = 0
configure:4215: result: yes
configure:4228: checking for sys/types.h
configure:4228: gcc -c -g -O2  conftest.c >&5
configure:4228: $? = 0
configure:4228: result: yes
configure:4228: checking for sys/stat.h
configure:4228: gcc -c -g -O2  conftest.c >&5
configure:4228: $? = 0
configure:4228: result: yes
configure:4228: checking for stdlib.h
configure:4228: gcc -c -g -O2  conftest.c >&5
configure:4228: $? = 0
configure:4228: result: yes
configure:4228: checking for string.h
configure:4228: gcc -c -g -O2  conftest.c >&5
configure:4228: $? = 0
configure:4228: result: yes
configure:4228: checking for memory.h
configure:4228: gcc -c -g -O2  conftest.c >&5
configure:4228: $? = 0
configure:4228: result: yes
configure:4228: checking for strings.h
configure:4228: gcc -c -g -O2  conftest.c >&5
configure:4228: $? = 0
configure:4228: result: yes
configure:4228: checking for inttypes.h
configure:4228: gcc -c -g -O2  conftest.c >&5
configure:4228: $? = 0
configure:4228: result: yes
configure:4228: checking for stdint.h
configure:4228: gcc -c -g -O2  conftest.c >&5
configure:4228: $? = 0
configure:4228: result: yes
configure:4228: checking for unistd.h
configure:4228: gcc -c -g -O2  conftest.c >&5
configure:4228: $? = 0
configure:4228: result: yes
configure:4242: checking for stdlib.h
configure:4242: result: yes
configure:4258: checking for stdlib.h
configure:4258: result: yes
configure:4268: checking for GNU libc compatible malloc
configure:4292: gcc -o conftest -g -O2   conftest.c -lroxml -lantlr3c  >&5
configure:4292: $? = 0
configure:4292: ./conftest
configure:4292: $? = 0
configure:4302: result: yes
configure:4325: checking for stdlib.h
configure:4325: result: yes
configure:4335: checking for GNU libc compatible realloc
configure:4359: gcc -o conftest -g -O2   conftest.c -lroxml -lantlr3c  >&5
configure:4359: $? = 0
configure:4359: ./conftest
configure:4359: $? = 0
configure:4369: result: yes
configure:4538: checking that generated files are newer than configure
configure:4544: result: done
configure:4567: creating ./config.status

## ---------------------- ##
## Running config.status. ##
## ---------------------- ##

This file was extended by counterExample config.status 1.0, which was
generated by GNU Autoconf 2.69.  Invocation command line was

  CONFIG_FILES    = 
  CONFIG_HEADERS  = 
  CONFIG_LINKS    = 
  CONFIG_COMMANDS = 
  $ ./config.status 

on CaoCao-PC

config.status:779: creating Makefile
config.status:779: creating src/Makefile
config.status:951: executing depfiles commands

## ---------------- ##
## Cache variables. ##
## ---------------- ##

ac_cv_c_compiler_gnu=yes
ac_cv_env_CC_set=
ac_cv_env_CC_value=
ac_cv_env_CFLAGS_set=
ac_cv_env_CFLAGS_value=
ac_cv_env_CPPFLAGS_set=
ac_cv_env_CPPFLAGS_value=
ac_cv_env_CPP_set=
ac_cv_env_CPP_value=
ac_cv_env_LDFLAGS_set=
ac_cv_env_LDFLAGS_value=
ac_cv_env_LIBS_set=
ac_cv_env_LIBS_value=
ac_cv_env_build_alias_set=
ac_cv_env_build_alias_value=
ac_cv_env_host_alias_set=
ac_cv_env_host_alias_value=
ac_cv_env_target_alias_set=
ac_cv_env_target_alias_value=
ac_cv_func_malloc_0_nonnull=yes
ac_cv_func_realloc_0_nonnull=yes
ac_cv_header_inttypes_h=yes
ac_cv_header_memory_h=yes
ac_cv_header_stdc=yes
ac_cv_header_stdint_h=yes
ac_cv_header_stdlib_h=yes
ac_cv_header_string_h=yes
ac_cv_header_strings_h=yes
ac_cv_header_sys_stat_h=yes
ac_cv_header_sys_types_h=yes
ac_cv_header_unistd_h=yes
ac_cv_lib_antlr3c_antlr3AsciiFileStreamNew=yes
ac_cv_lib_roxml_roxml_load_doc=yes
ac_cv_objext=o
ac_cv_path_EGREP='/bin/grep -E'
ac_cv_path_GREP=/bin/grep
ac_cv_path_install='/usr/bin/install -c'
ac_cv_path_mkdir=/bin/mkdir
ac_cv_prog_AWK=gawk
ac_cv_prog_CPP='gcc -E'
ac_cv_prog_ac_ct_CC=gcc
ac_cv_prog_cc_c89=
ac_cv_prog_cc_g=yes
ac_cv_prog_make_make_set=yes
am_cv_CC_dependencies_compiler_type=gcc3
am_cv_make_support_nested_variables=yes
am_cv_prog_cc_c_o=yes

## ----------------- ##
## Output variables. ##
## ----------------- ##

ACLOCAL='aclocal-1.15'
AMDEPBACKSLASH='\'
AMDEP_FALSE='#'
AMDEP_TRUE=''
AMTAR='$${TAR-tar}'
AM_BACKSLASH='\'
AM_DEFAULT_V='$(AM_DEFAULT_VERBOSITY)'
AM_DEFAULT_VERBOSITY='1'
AM_V='$(V)'
AUTOCONF='autoconf'
AUTOHEADER='autoheader'
AUTOMAKE='automake-1.15'
AWK='gawk'
CC='gcc'
CCDEPMODE='depmode=gcc3'
CFLAGS='-g -O2'
CPP='gcc -E'
CPPFLAGS=''
CYGPATH_W='echo'
DEFS='-DPACKAGE_NAME=\"counterExample\" -DPACKAGE_TARNAME=\"counterexample\" -DPACKAGE_VERSION=\"1.0\" -DPACKAGE_STRING=\"counterExample\ 1.0\" -DPACKAGE_BUGREPORT=\"trucnguyenlam@gmail.com\" -DPACKAGE_URL=\"\" -DPACKAGE=\"counterexample\" -DVERSION=\"1.0\" -DHAVE_LIBANTLR3C=1 -DHAVE_LIBROXML=1 -DSTDC_HEADERS=1 -DHAVE_SYS_TYPES_H=1 -DHAVE_SYS_STAT_H=1 -DHAVE_STDLIB_H=1 -DHAVE_STRING_H=1 -DHAVE_MEMORY_H=1 -DHAVE_STRINGS_H=1 -DHAVE_INTTYPES_H=1 -DHAVE_STDINT_H=1 -DHAVE_UNISTD_H=1 -DHAVE_STDLIB_H=1 -DHAVE_STDLIB_H=1 -DHAVE_MALLOC=1 -DHAVE_STDLIB_H=1 -DHAVE_REALLOC=1'
DEPDIR='.deps'
ECHO_C=''
ECHO_N='-n'
ECHO_T=''
EGREP='/bin/grep -E'
EXEEXT=''
GREP='/bin/grep'
INSTALL_DATA='${INSTALL} -m 644'
INSTALL_PROGRAM='${INSTALL}'
INSTALL_SCRIPT='${INSTALL}'
INSTALL_STRIP_PROGRAM='$(install_sh) -c -s'
LDFLAGS=''
LIBOBJS=''
LIBS='-lroxml -lantlr3c '
LTLIBOBJS=''
MAKEINFO='makeinfo'
MKDIR_P='/bin/mkdir -p'
OBJEXT='o'
PACKAGE='counterexample'
PACKAGE_BUGREPORT='trucnguyenlam@gmail.com'
PACKAGE_NAME='counterExample'
PACKAGE_STRING='counterExample 1.0'
PACKAGE_TARNAME='counterexample'
PACKAGE_URL=''
PACKAGE_VERSION='1.0'
PATH_SEPARATOR=':'
SET_MAKE=''
SHELL='/bin/bash'
STRIP=''
VERSION='1.0'
ac_ct_CC='gcc'
am__EXEEXT_FALSE=''
am__EXEEXT_TRUE='#'
am__fastdepCC_FALSE='#'
am__fastdepCC_TRUE=''
am__include='include'
am__isrc=''
am__leading_dot='.'
am__nodep='_no'
am__quote=''
am__tar='$${TAR-tar} chof - "$$tardir"'
am__untar='$${TAR-tar} xf -'
bindir='${exec_prefix}/bin'
build_alias=''
datadir='${datarootdir}'
datarootdir='${prefix}/share'
docdir='${datarootdir}/doc/${PACKAGE_TARNAME}'
dvidir='${docdir}'
exec_prefix='${prefix}'
host_alias=''
htmldir='${docdir}'
includedir='${prefix}/include'
infodir='${datarootdir}/info'
install_sh='${SHELL} /home/trucnguyenlam/Development/VAC/vac/src/counterexample/install-sh'
libdir='${exec_prefix}/lib'
libexecdir='${exec_prefix}/libexec'
localedir='${datarootdir}/locale'
localstatedir='${prefix}/var'
mandir='${datarootdir}/man'
mkdir_p='$(MKDIR_P)'
oldincludedir='/usr/include'
pdfdir='${docdir}'
prefix='/usr/local'
program_transform_name='s,x,x,'
psdir='${docdir}'
runstatedir='${localstatedir}/run'
sbindir='${exec_prefix}/sbin'
sharedstatedir='${prefix}/com'
sysconfdir='${prefix}/etc'
target_alias=''

## ----------- ##
## confdefs.h. ##
## ----------- ##

/* confdefs.h */
#define PACKAGE_NAME "counterExample"
#define PACKAGE_TARNAME "counterexample"
#define PACKAGE_VERSION "1.0"
#define PACKAGE_STRING "counterExample 1.0"
#define PACKAGE_BUGREPORT "trucnguyenlam@gmail.com"
#define PACKAGE_URL ""
#define PACKAGE "counterexample"
#define VERSION "1.0"
#define HAVE_LIBANTLR3C 1
#define HAVE_LIBROXML 1
#define STDC_HEADERS 1
#define HAVE_SYS_TYPES_H 1
#define HAVE_SYS_STAT_H 1
#define HAVE_STDLIB_H 1
#define HAVE_STRING_H 1
#define HAVE_MEMORY_H 1
#define HAVE_STRINGS_H 1
#define HAVE_INTTYPES_H 1
#define HAVE_STDINT_H 1
#define HAVE_UNISTD_H 1
#define HAVE_STDLIB_H 1
#define HAVE_STDLIB_H 1
#define HAVE_MALLOC 1
#define HAVE_STDLIB_H 1
#define HAVE_REALLOC 1

configure: exit 0
